2025-09-28 20:58:59 INFO  [background-preinit] o.h.validator.internal.util.Version - HV000001: Hibernate Validator 8.0.3.Final
2025-09-28 20:58:59 INFO  [main] c.e.tasklist.TasklistApplication - Starting TasklistApplication v0.0.1-SNAPSHOT using Java 17.0.16 with PID 5304 (/mnt/c/Users/Wipro/Downloads/tasklist/target/tasklist-0.0.1-SNAPSHOT.jar started by sisonke in /mnt/c/Users/Wipro/Downloads/tasklist)
2025-09-28 20:58:59 DEBUG [main] c.e.tasklist.TasklistApplication - Running with Spring Boot v3.5.6, Spring v6.2.11
2025-09-28 20:58:59 INFO  [main] c.e.tasklist.TasklistApplication - No active profile set, falling back to 1 default profile: "default"
2025-09-28 20:59:02 INFO  [main] o.s.d.r.c.RepositoryConfigurationDelegate - Bootstrapping Spring Data JPA repositories in DEFAULT mode.
2025-09-28 20:59:02 INFO  [main] o.s.d.r.c.RepositoryConfigurationDelegate - Finished Spring Data repository scanning in 86 ms. Found 1 JPA repository interface.
2025-09-28 20:59:03 INFO  [main] o.s.b.w.e.tomcat.TomcatWebServer - Tomcat initialized with port 8080 (http)
2025-09-28 20:59:03 INFO  [main] o.a.coyote.http11.Http11NioProtocol - Initializing ProtocolHandler ["http-nio-8080"]
2025-09-28 20:59:03 INFO  [main] o.a.catalina.core.StandardService - Starting service [Tomcat]
2025-09-28 20:59:03 INFO  [main] o.a.catalina.core.StandardEngine - Starting Servlet engine: [Apache Tomcat/10.1.46]
2025-09-28 20:59:03 INFO  [main] o.a.c.c.C.[Tomcat].[localhost].[/] - Initializing Spring embedded WebApplicationContext
2025-09-28 20:59:03 INFO  [main] o.s.b.w.s.c.ServletWebServerApplicationContext - Root WebApplicationContext: initialization completed in 2980 ms
2025-09-28 20:59:04 INFO  [main] o.h.jpa.internal.util.LogHelper - HHH000204: Processing PersistenceUnitInfo [name: default]
2025-09-28 20:59:04 INFO  [main] org.hibernate.Version - HHH000412: Hibernate ORM core version 6.6.29.Final
2025-09-28 20:59:04 INFO  [main] o.h.c.i.RegionFactoryInitiator - HHH000026: Second-level cache disabled
2025-09-28 20:59:05 INFO  [main] o.s.o.j.p.SpringPersistenceUnitInfo - No LoadTimeWeaver setup: ignoring JPA class transformer
2025-09-28 20:59:05 INFO  [main] com.zaxxer.hikari.HikariDataSource - HikariPool-1 - Starting...
2025-09-28 20:59:05 INFO  [main] com.zaxxer.hikari.pool.HikariPool - HikariPool-1 - Added connection org.postgresql.jdbc.PgConnection@45d389f2
2025-09-28 20:59:05 INFO  [main] com.zaxxer.hikari.HikariDataSource - HikariPool-1 - Start completed.
2025-09-28 20:59:05 INFO  [main] o.hibernate.orm.connections.pooling - HHH10001005: Database info:
	Database JDBC URL [Connecting through datasource 'HikariDataSource (HikariPool-1)']
	Database driver: undefined/unknown
	Database version: 17.6
	Autocommit mode: undefined/unknown
	Isolation level: undefined/unknown
	Minimum pool size: undefined/unknown
	Maximum pool size: undefined/unknown
2025-09-28 20:59:07 INFO  [main] o.h.e.t.j.p.i.JtaPlatformInitiator - HHH000489: No JTA platform available (set 'hibernate.transaction.jta.platform' to enable JTA platform integration)
2025-09-28 20:59:07 INFO  [main] o.s.o.j.LocalContainerEntityManagerFactoryBean - Initialized JPA EntityManagerFactory for persistence unit 'default'
2025-09-28 20:59:07 WARN  [main] o.s.b.a.o.j.JpaBaseConfiguration$JpaWebConfiguration - spring.jpa.open-in-view is enabled by default. Therefore, database queries may be performed during view rendering. Explicitly configure spring.jpa.open-in-view to disable this warning
2025-09-28 20:59:08 INFO  [main] o.a.coyote.http11.Http11NioProtocol - Starting ProtocolHandler ["http-nio-8080"]
2025-09-28 20:59:08 INFO  [main] o.s.b.w.e.tomcat.TomcatWebServer - Tomcat started on port 8080 (http) with context path '/'
2025-09-28 20:59:08 INFO  [main] c.e.tasklist.TasklistApplication - Started TasklistApplication in 10.911 seconds (process running for 10.659)
2025-09-28 21:16:38 INFO  [http-nio-8080-exec-1] o.a.c.c.C.[Tomcat].[localhost].[/] - Initializing Spring DispatcherServlet 'dispatcherServlet'
2025-09-28 21:16:38 INFO  [http-nio-8080-exec-1] o.s.web.servlet.DispatcherServlet - Initializing Servlet 'dispatcherServlet'
2025-09-28 21:16:38 INFO  [http-nio-8080-exec-1] o.s.web.servlet.DispatcherServlet - Completed initialization in 3 ms
2025-09-28 21:16:38 INFO  [http-nio-8080-exec-1] c.e.tasklist.service.TaskService - Listing all tasks
2025-09-28 21:24:39 INFO  [http-nio-8080-exec-5] c.e.t.controller.TaskController - POST /api/tasks - payload title='Finish API project', dueDate='2025-09-30'
2025-09-28 21:24:39 DEBUG [http-nio-8080-exec-5] c.e.t.controller.TaskController - Current date: 2025-09-28
2025-09-28 21:24:39 INFO  [http-nio-8080-exec-5] c.e.tasklist.service.TaskService - Creating task: Finish API project
2025-09-28 21:24:39 DEBUG [http-nio-8080-exec-5] c.e.tasklist.service.TaskService - Saved task with id: 1
2025-09-28 21:25:08 INFO  [http-nio-8080-exec-6] c.e.tasklist.service.TaskService - Listing all tasks
2025-09-28 21:34:37 WARN  [HikariPool-1:housekeeper] com.zaxxer.hikari.pool.PoolBase - HikariPool-1 - Failed to validate connection org.postgresql.jdbc.PgConnection@8593821 (This connection has been closed.). Possibly consider using a shorter maxLifetime value.
2025-09-28 21:34:42 WARN  [HikariPool-1:housekeeper] com.zaxxer.hikari.pool.PoolBase - HikariPool-1 - Failed to validate connection org.postgresql.jdbc.PgConnection@1065a0fb (This connection has been closed.). Possibly consider using a shorter maxLifetime value.
2025-09-28 21:34:45 INFO  [SpringApplicationShutdownHook] o.s.b.w.e.tomcat.GracefulShutdown - Commencing graceful shutdown. Waiting for active requests to complete
2025-09-28 21:34:45 INFO  [tomcat-shutdown] o.s.b.w.e.tomcat.GracefulShutdown - Graceful shutdown complete
2025-09-28 21:34:45 INFO  [SpringApplicationShutdownHook] o.s.o.j.LocalContainerEntityManagerFactoryBean - Closing JPA EntityManagerFactory for persistence unit 'default'
2025-09-28 21:34:45 INFO  [SpringApplicationShutdownHook] com.zaxxer.hikari.HikariDataSource - HikariPool-1 - Shutdown initiated...
2025-09-28 21:34:48 INFO  [SpringApplicationShutdownHook] com.zaxxer.hikari.HikariDataSource - HikariPool-1 - Shutdown completed.
