2025-10-03 08:41:34 INFO  [background-preinit] o.h.validator.internal.util.Version - HV000001: Hibernate Validator 8.0.3.Final
2025-10-03 08:41:35 INFO  [restartedMain] c.e.tasklist.TasklistApplication - Starting TasklistApplication using Java 17.0.16 with PID 1635 (/mnt/c/Users/Wipro/Downloads/tasklist/target/classes started by sisonke in /mnt/c/Users/Wipro/Downloads/tasklist)
2025-10-03 08:41:35 DEBUG [restartedMain] c.e.tasklist.TasklistApplication - Running with Spring Boot v3.5.6, Spring v6.2.11
2025-10-03 08:41:35 INFO  [restartedMain] c.e.tasklist.TasklistApplication - No active profile set, falling back to 1 default profile: "default"
2025-10-03 08:41:35 INFO  [restartedMain] o.s.b.d.e.DevToolsPropertyDefaultsPostProcessor - Devtools property defaults active! Set 'spring.devtools.add-properties' to 'false' to disable
2025-10-03 08:41:35 INFO  [restartedMain] o.s.b.d.e.DevToolsPropertyDefaultsPostProcessor - For additional web related logging consider setting the 'logging.level.web' property to 'DEBUG'
2025-10-03 08:41:44 INFO  [restartedMain] o.s.d.r.c.RepositoryConfigurationDelegate - Bootstrapping Spring Data JPA repositories in DEFAULT mode.
2025-10-03 08:41:44 INFO  [restartedMain] o.s.d.r.c.RepositoryConfigurationDelegate - Finished Spring Data repository scanning in 748 ms. Found 1 JPA repository interface.
2025-10-03 08:41:48 INFO  [restartedMain] o.s.b.w.e.tomcat.TomcatWebServer - Tomcat initialized with port 8080 (http)
2025-10-03 08:41:48 INFO  [restartedMain] o.a.coyote.http11.Http11NioProtocol - Initializing ProtocolHandler ["http-nio-8080"]
2025-10-03 08:41:48 INFO  [restartedMain] o.a.catalina.core.StandardService - Starting service [Tomcat]
2025-10-03 08:41:48 INFO  [restartedMain] o.a.catalina.core.StandardEngine - Starting Servlet engine: [Apache Tomcat/10.1.46]
2025-10-03 08:41:49 INFO  [restartedMain] o.a.c.c.C.[Tomcat].[localhost].[/] - Initializing Spring embedded WebApplicationContext
2025-10-03 08:41:49 INFO  [restartedMain] o.s.b.w.s.c.ServletWebServerApplicationContext - Root WebApplicationContext: initialization completed in 13611 ms
2025-10-03 08:41:50 INFO  [restartedMain] o.h.jpa.internal.util.LogHelper - HHH000204: Processing PersistenceUnitInfo [name: default]
2025-10-03 08:41:51 INFO  [restartedMain] org.hibernate.Version - HHH000412: Hibernate ORM core version 6.6.29.Final
2025-10-03 08:41:52 INFO  [restartedMain] o.h.c.i.RegionFactoryInitiator - HHH000026: Second-level cache disabled
2025-10-03 08:41:56 INFO  [restartedMain] o.s.o.j.p.SpringPersistenceUnitInfo - No LoadTimeWeaver setup: ignoring JPA class transformer
2025-10-03 08:41:56 INFO  [restartedMain] com.zaxxer.hikari.HikariDataSource - HikariPool-1 - Starting...
2025-10-03 08:41:57 INFO  [restartedMain] com.zaxxer.hikari.pool.HikariPool - HikariPool-1 - Added connection org.postgresql.jdbc.PgConnection@33620765
2025-10-03 08:41:57 INFO  [restartedMain] com.zaxxer.hikari.HikariDataSource - HikariPool-1 - Start completed.
2025-10-03 08:41:58 INFO  [restartedMain] o.hibernate.orm.connections.pooling - HHH10001005: Database info:
	Database JDBC URL [Connecting through datasource 'HikariDataSource (HikariPool-1)']
	Database driver: undefined/unknown
	Database version: 17.6
	Autocommit mode: undefined/unknown
	Isolation level: undefined/unknown
	Minimum pool size: undefined/unknown
	Maximum pool size: undefined/unknown
2025-10-03 08:42:07 INFO  [restartedMain] o.h.e.t.j.p.i.JtaPlatformInitiator - HHH000489: No JTA platform available (set 'hibernate.transaction.jta.platform' to enable JTA platform integration)
2025-10-03 08:42:08 INFO  [restartedMain] o.s.o.j.LocalContainerEntityManagerFactoryBean - Initialized JPA EntityManagerFactory for persistence unit 'default'
2025-10-03 08:42:11 WARN  [restartedMain] o.s.b.a.o.j.JpaBaseConfiguration$JpaWebConfiguration - spring.jpa.open-in-view is enabled by default. Therefore, database queries may be performed during view rendering. Explicitly configure spring.jpa.open-in-view to disable this warning
2025-10-03 08:42:14 INFO  [restartedMain] o.s.b.d.a.OptionalLiveReloadServer - LiveReload server is running on port 35729
2025-10-03 08:42:14 INFO  [restartedMain] o.a.coyote.http11.Http11NioProtocol - Starting ProtocolHandler ["http-nio-8080"]
2025-10-03 08:42:14 INFO  [restartedMain] o.s.b.w.e.tomcat.TomcatWebServer - Tomcat started on port 8080 (http) with context path '/'
2025-10-03 08:42:14 INFO  [restartedMain] c.e.tasklist.TasklistApplication - Started TasklistApplication in 44.851 seconds (process running for 47.135)
2025-10-03 08:50:40 INFO  [http-nio-8080-exec-1] o.a.c.c.C.[Tomcat].[localhost].[/] - Initializing Spring DispatcherServlet 'dispatcherServlet'
2025-10-03 08:50:40 INFO  [http-nio-8080-exec-1] o.s.web.servlet.DispatcherServlet - Initializing Servlet 'dispatcherServlet'
2025-10-03 08:50:40 INFO  [http-nio-8080-exec-1] o.s.web.servlet.DispatcherServlet - Completed initialization in 1 ms
2025-10-03 08:50:43 INFO  [http-nio-8080-exec-10] o.s.api.AbstractOpenApiResource - Init duration for springdoc-openapi is: 1053 ms
2025-10-03 09:04:48 INFO  [http-nio-8080-exec-4] c.e.tasklist.service.TaskService - Listing all tasks
2025-10-03 09:22:32 INFO  [http-nio-8080-exec-8] c.e.t.controller.TaskController - POST /api/tasks - payload title='Standup demo', dueDate='2025-10-03'
2025-10-03 09:22:32 DEBUG [http-nio-8080-exec-8] c.e.t.controller.TaskController - Current date: 2025-10-03
2025-10-03 09:22:32 INFO  [http-nio-8080-exec-8] c.e.tasklist.service.TaskService - Creating task: Standup demo
2025-10-03 09:22:33 DEBUG [http-nio-8080-exec-8] c.e.tasklist.service.TaskService - Saved task with id: 8
2025-10-03 09:22:48 INFO  [http-nio-8080-exec-3] c.e.tasklist.service.TaskService - Listing all tasks
2025-10-03 09:23:28 DEBUG [http-nio-8080-exec-1] c.e.tasklist.service.TaskService - Fetching task by id 8
2025-10-03 10:13:35 INFO  [SpringApplicationShutdownHook] o.s.b.w.e.tomcat.GracefulShutdown - Commencing graceful shutdown. Waiting for active requests to complete
2025-10-03 10:13:35 INFO  [tomcat-shutdown] o.s.b.w.e.tomcat.GracefulShutdown - Graceful shutdown complete
2025-10-03 10:13:35 INFO  [SpringApplicationShutdownHook] o.s.o.j.LocalContainerEntityManagerFactoryBean - Closing JPA EntityManagerFactory for persistence unit 'default'
2025-10-03 10:13:35 INFO  [SpringApplicationShutdownHook] com.zaxxer.hikari.HikariDataSource - HikariPool-1 - Shutdown initiated...
2025-10-03 10:13:35 INFO  [SpringApplicationShutdownHook] com.zaxxer.hikari.HikariDataSource - HikariPool-1 - Shutdown completed.
